<?xml version="1.0" encoding="UTF-8"?>
<!-- Generated by org.testng.reporters.JUnitXMLReporter -->
<testsuite ignored="0" hostname="CPU-0060" failures="1" tests="1" name="Test" time="18.939" errors="0" timestamp="2021-04-01T17:06:34 IST">
  <testcase classname="imastar.iamstar_automation.forgotpassword_test" name="home_page" time="0.009">
    <failure type="java.lang.NullPointerException" message="Cannot invoke &amp;quot;com.aventstack.extentreports.ExtentReports.createTest(String)&amp;quot; because &amp;quot;this.extent&amp;quot; is null">
      <![CDATA[java.lang.NullPointerException: Cannot invoke "com.aventstack.extentreports.ExtentReports.createTest(String)" because "this.extent" is null
at imastar.iamstar_automation.forgotpassword_test.home_page(forgotpassword_test.java:37)
at java.base/java.util.ArrayList.forEach(ArrayList.java:1511)
... Removed 27 stack frames]]>
    </failure>
  </testcase> <!-- home_page -->
</testsuite> <!-- Test -->
