<?xml version="1.0" encoding="UTF-8"?>
<testng-results ignored="0" total="1" passed="1" failed="0" skipped="0">
  <reporter-output>
  </reporter-output>
  <suite started-at="2021-03-24T16:13:19 IST" name="Default suite" finished-at="2021-03-24T16:13:46 IST" duration-ms="26930">
    <groups>
    </groups>
    <test started-at="2021-03-24T16:13:19 IST" name="Default test" finished-at="2021-03-24T16:13:46 IST" duration-ms="26930">
      <class name="imastar.iamstar_automation.homepage_test">
        <test-method is-config="true" signature="setup()[pri:0, instance:imastar.iamstar_automation.homepage_test@71238fc2]" started-at="2021-03-24T16:13:19 IST" name="setup" finished-at="2021-03-24T16:13:40 IST" duration-ms="21121" status="PASS">
          <reporter-output>
          </reporter-output>
        </test-method> <!-- setup -->
        <test-method signature="home_page()[pri:0, instance:imastar.iamstar_automation.homepage_test@71238fc2]" started-at="2021-03-24T16:13:40 IST" name="home_page" finished-at="2021-03-24T16:13:46 IST" duration-ms="5753" status="PASS">
          <reporter-output>
          </reporter-output>
        </test-method> <!-- home_page -->
      </class> <!-- imastar.iamstar_automation.homepage_test -->
    </test> <!-- Default test -->
  </suite> <!-- Default suite -->
</testng-results>
