<?xml version="1.0" encoding="UTF-8"?>
<testng-results ignored="0" total="3" passed="2" failed="1" skipped="0">
  <reporter-output>
  </reporter-output>
  <suite started-at="2021-03-11T15:35:39 IST" name="Default suite" finished-at="2021-03-11T15:36:55 IST" duration-ms="75609">
    <groups>
    </groups>
    <test started-at="2021-03-11T15:35:39 IST" name="Default test" finished-at="2021-03-11T15:36:55 IST" duration-ms="75609">
      <class name="imastar.iamstar_automation.facebooklogin_test">
        <test-method is-config="true" signature="setup()[pri:0, instance:imastar.iamstar_automation.facebooklogin_test@59af0466]" started-at="2021-03-11T15:35:39 IST" name="setup" finished-at="2021-03-11T15:36:07 IST" duration-ms="27999" status="PASS">
          <reporter-output>
          </reporter-output>
        </test-method> <!-- setup -->
        <test-method signature="verifytitile()[pri:1, instance:imastar.iamstar_automation.facebooklogin_test@59af0466]" started-at="2021-03-11T15:36:07 IST" name="verifytitile" finished-at="2021-03-11T15:36:07 IST" duration-ms="24" status="PASS">
          <reporter-output>
          </reporter-output>
        </test-method> <!-- verifytitile -->
        <test-method is-config="true" signature="setup()[pri:0, instance:imastar.iamstar_automation.facebooklogin_test@59af0466]" started-at="2021-03-11T15:36:07 IST" name="setup" finished-at="2021-03-11T15:36:26 IST" duration-ms="19196" status="PASS">
          <reporter-output>
          </reporter-output>
        </test-method> <!-- setup -->
        <test-method signature="facebook_btn_check()[pri:2, instance:imastar.iamstar_automation.facebooklogin_test@59af0466]" started-at="2021-03-11T15:36:26 IST" name="facebook_btn_check" finished-at="2021-03-11T15:36:26 IST" duration-ms="50" status="PASS">
          <reporter-output>
          </reporter-output>
        </test-method> <!-- facebook_btn_check -->
        <test-method is-config="true" signature="setup()[pri:0, instance:imastar.iamstar_automation.facebooklogin_test@59af0466]" started-at="2021-03-11T15:36:26 IST" name="setup" finished-at="2021-03-11T15:36:43 IST" duration-ms="16184" status="PASS">
          <reporter-output>
          </reporter-output>
        </test-method> <!-- setup -->
        <test-method signature="login_check()[pri:3, instance:imastar.iamstar_automation.facebooklogin_test@59af0466]" started-at="2021-03-11T15:36:43 IST" name="login_check" finished-at="2021-03-11T15:36:49 IST" duration-ms="6415" status="FAIL">
          <exception class="org.openqa.selenium.NoSuchElementException">
            <message>
              <![CDATA[Cannot locate an element using id=pass
For documentation on this error, please visit: https://www.seleniumhq.org/exceptions/no_such_element.html
Build info: version: '3.141.59', revision: 'e82be7d358', time: '2018-11-14T08:17:03'
System info: host: 'CPU-0060', ip: '192.168.56.1', os.name: 'Windows 10', os.arch: 'amd64', os.version: '10.0', java.version: '14.0.2'
Driver info: driver.version: RemoteWebDriver]]>
            </message>
            <full-stacktrace>
              <![CDATA[org.openqa.selenium.NoSuchElementException: Cannot locate an element using id=pass
For documentation on this error, please visit: https://www.seleniumhq.org/exceptions/no_such_element.html
Build info: version: '3.141.59', revision: 'e82be7d358', time: '2018-11-14T08:17:03'
System info: host: 'CPU-0060', ip: '192.168.56.1', os.name: 'Windows 10', os.arch: 'amd64', os.version: '10.0', java.version: '14.0.2'
Driver info: driver.version: RemoteWebDriver
at org.openqa.selenium.remote.RemoteWebDriver.findElement(RemoteWebDriver.java:327)
at org.openqa.selenium.remote.RemoteWebDriver.findElementById(RemoteWebDriver.java:372)
at org.openqa.selenium.By$ById.findElement(By.java:188)
at org.openqa.selenium.remote.RemoteWebDriver.findElement(RemoteWebDriver.java:315)
at org.openqa.selenium.support.pagefactory.DefaultElementLocator.findElement(DefaultElementLocator.java:69)
at org.openqa.selenium.support.pagefactory.internal.LocatingElementHandler.invoke(LocatingElementHandler.java:38)
at com.sun.proxy.$Proxy12.sendKeys(Unknown Source)
at pagesdata_automation.facebook_login.facebook(facebook_login.java:44)
at imastar.iamstar_automation.facebooklogin_test.login_check(facebooklogin_test.java:48)
at java.base/jdk.internal.reflect.NativeMethodAccessorImpl.invoke0(Native Method)
at java.base/jdk.internal.reflect.NativeMethodAccessorImpl.invoke(NativeMethodAccessorImpl.java:62)
at java.base/jdk.internal.reflect.DelegatingMethodAccessorImpl.invoke(DelegatingMethodAccessorImpl.java:43)
at java.base/java.lang.reflect.Method.invoke(Method.java:564)
at org.testng.internal.MethodInvocationHelper.invokeMethod(MethodInvocationHelper.java:132)
at org.testng.internal.TestInvoker.invokeMethod(TestInvoker.java:599)
at org.testng.internal.TestInvoker.invokeTestMethod(TestInvoker.java:174)
at org.testng.internal.MethodRunner.runInSequence(MethodRunner.java:46)
at org.testng.internal.TestInvoker$MethodInvocationAgent.invoke(TestInvoker.java:822)
at org.testng.internal.TestInvoker.invokeTestMethods(TestInvoker.java:147)
at org.testng.internal.TestMethodWorker.invokeTestMethods(TestMethodWorker.java:146)
at org.testng.internal.TestMethodWorker.run(TestMethodWorker.java:128)
at java.base/java.util.ArrayList.forEach(ArrayList.java:1511)
at org.testng.TestRunner.privateRun(TestRunner.java:764)
at org.testng.TestRunner.run(TestRunner.java:585)
at org.testng.SuiteRunner.runTest(SuiteRunner.java:384)
at org.testng.SuiteRunner.runSequentially(SuiteRunner.java:378)
at org.testng.SuiteRunner.privateRun(SuiteRunner.java:337)
at org.testng.SuiteRunner.run(SuiteRunner.java:286)
at org.testng.SuiteRunnerWorker.runSuite(SuiteRunnerWorker.java:53)
at org.testng.SuiteRunnerWorker.run(SuiteRunnerWorker.java:96)
at org.testng.TestNG.runSuitesSequentially(TestNG.java:1218)
at org.testng.TestNG.runSuitesLocally(TestNG.java:1140)
at org.testng.TestNG.runSuites(TestNG.java:1069)
at org.testng.TestNG.run(TestNG.java:1037)
at org.testng.remote.AbstractRemoteTestNG.run(AbstractRemoteTestNG.java:115)
at org.testng.remote.RemoteTestNG.initAndRun(RemoteTestNG.java:251)
at org.testng.remote.RemoteTestNG.main(RemoteTestNG.java:77)
]]>
            </full-stacktrace>
          </exception> <!-- org.openqa.selenium.NoSuchElementException -->
          <reporter-output>
          </reporter-output>
        </test-method> <!-- login_check -->
        <test-method is-config="true" signature="endup()[pri:0, instance:imastar.iamstar_automation.facebooklogin_test@59af0466]" started-at="2021-03-11T15:36:49 IST" name="endup" finished-at="2021-03-11T15:36:55 IST" duration-ms="5645" status="PASS">
          <reporter-output>
          </reporter-output>
        </test-method> <!-- endup -->
      </class> <!-- imastar.iamstar_automation.facebooklogin_test -->
    </test> <!-- Default test -->
  </suite> <!-- Default suite -->
</testng-results>
